<?xml version="1.0" encoding="UTF-8"?>
<testng-results skipped="0" failed="0" ignored="0" total="1" passed="1">
  <reporter-output>
  </reporter-output>
  <suite name="Cleartrip Test Automation" duration-ms="35332" started-at="2020-11-02T11:23:48Z" finished-at="2020-11-02T11:24:23Z">
    <groups>
    </groups>
    <test name="HomePage Test" duration-ms="35332" started-at="2020-11-02T11:23:48Z" finished-at="2020-11-02T11:24:23Z">
      <class name="tests.HomePageTest">
        <test-method status="PASS" signature="setUp()[pri:0, instance:tests.HomePageTest@366e2eef]" name="setUp" is-config="true" duration-ms="469" started-at="2020-11-02T11:23:48Z" finished-at="2020-11-02T11:23:48Z">
          <reporter-output>
          </reporter-output>
        </test-method> <!-- setUp -->
        <test-method status="PASS" signature="homePageTest()[pri:0, instance:tests.HomePageTest@366e2eef]" name="homePageTest" duration-ms="31907" started-at="2020-11-02T11:23:48Z" finished-at="2020-11-02T11:24:20Z">
          <reporter-output>
          </reporter-output>
        </test-method> <!-- homePageTest -->
        <test-method status="PASS" signature="tearDown()[pri:0, instance:tests.HomePageTest@366e2eef]" name="tearDown" is-config="true" duration-ms="2929" started-at="2020-11-02T11:24:20Z" finished-at="2020-11-02T11:24:23Z">
          <reporter-output>
          </reporter-output>
        </test-method> <!-- tearDown -->
      </class> <!-- tests.HomePageTest -->
    </test> <!-- HomePage Test -->
  </suite> <!-- Cleartrip Test Automation -->
</testng-results>
