<?xml version="1.0" encoding="UTF-8"?>
<testng-results skipped="0" failed="0" ignored="0" total="1" passed="1">
  <reporter-output>
  </reporter-output>
  <suite name="Default suite" duration-ms="68623" started-at="2020-11-02T16:16:24Z" finished-at="2020-11-02T16:17:32Z">
    <groups>
    </groups>
    <test name="Default test" duration-ms="68623" started-at="2020-11-02T16:16:24Z" finished-at="2020-11-02T16:17:32Z">
      <class name="tests.FlightDetailsPageTest">
        <test-method status="PASS" signature="setUp()[pri:0, instance:tests.FlightDetailsPageTest@f6c48ac]" name="setUp" is-config="true" duration-ms="1139" started-at="2020-11-02T16:16:24Z" finished-at="2020-11-02T16:16:25Z">
          <reporter-output>
          </reporter-output>
        </test-method> <!-- setUp -->
        <test-method status="PASS" signature="ShowNonStopFlights()[pri:0, instance:tests.FlightDetailsPageTest@f6c48ac]" name="ShowNonStopFlights" duration-ms="53974" started-at="2020-11-02T16:16:25Z" finished-at="2020-11-02T16:17:19Z">
          <reporter-output>
          </reporter-output>
        </test-method> <!-- ShowNonStopFlights -->
        <test-method status="PASS" signature="tearDown()[pri:0, instance:tests.FlightDetailsPageTest@f6c48ac]" name="tearDown" is-config="true" duration-ms="13466" started-at="2020-11-02T16:17:19Z" finished-at="2020-11-02T16:17:32Z">
          <reporter-output>
          </reporter-output>
        </test-method> <!-- tearDown -->
      </class> <!-- tests.FlightDetailsPageTest -->
    </test> <!-- Default test -->
  </suite> <!-- Default suite -->
</testng-results>
